
         ==============================
         S N O P T  7.4-1.2  (Feb 2015)
         ==============================
1
 
 SNMEMA EXIT 100 -- finished successfully
 SNMEMA INFO 104 -- memory requirements estimated
1
 
 Parameters
 ==========

 Files
 -----
 Solution file..........         0       Old basis file ........         0       Standard input.........         5
 Insert file............         0       New basis file ........         0       (Printer)..............        10
 Punch file.............         0       Backup basis file......         0       (Specs file)...........         0
 Load file..............         0       Dump file..............         0       Standard output........         6

 Frequencies
 -----------
 Print frequency........       100       Check frequency........        60       Save new basis map.....       100
 Summary frequency......       100       Factorization frequency        50       Expand frequency.......     10000

 QP subproblems
 --------------
 QPsolver Cholesky......
 Scale tolerance........     0.900       Minor feasibility tol..  1.00E-06       Iteration limit........   2000000
 Scale option...........         2       Minor optimality  tol..  1.00E-06       Minor print level......         1
 Crash tolerance........     0.100       Pivot tolerance........  3.25E-11       New superbasics........        99
 Crash option...........         3       Elastic weight.........  1.00E+05

 Partial pricing
 ---------------
 LP Partial price.......         1       Prtl price section ( A)      2646       Prtl price section (-I)      2945
 QP Partial price.......         1       Prtl price section ( A)      2646       Prtl price section (-I)      2945

 Conjugate-gradient QP solver
 ----------------------------
 Subspace tolerance.....   0.10000       CG tolerance...........  1.00E-02       CG Iterations..........       100
                                                                                 CG preconditioning.....         0

 The SQP Method
 --------------
 Minimize...............                 Cold start.............                 Proximal Point method..         1
 Nonlinear objectiv vars      1517       Objective Row..........         1       Function precision.....  3.00E-13
 Unbounded step size....  1.00E+20       Superbasics limit......      2646       Difference interval....  5.48E-07
 Unbounded objective....  1.00E+15       Reduced Hessian dim....      2000       Central difference int.  6.70E-05
 Major step limit.......  2.00E+00       Derivative linesearch..                 Derivative option......         1
 Major iterations limit.       500       Linesearch tolerance...   0.90000       Verify level...........         0
 Minor iterations limit.       500       Penalty parameter......  0.00E+00       Major Print Level......         1
 Time limit (secs)...... 9999999.0       Major optimality tol...  1.00E-04

 Hessian Approximation
 ---------------------
 Limited-Memory Hessian.                 Hessian updates........        10       Hessian frequency......  99999999
                                                                                 Hessian flush..........  99999999

 Nonlinear constraints
 ---------------------
 Nonlinear constraints..      2146       Major feasibility tol..  5.00E-06       Violation limit........  1.00E+01
 Nonlinear Jacobian vars      2646

 Miscellaneous
 -------------
 LU factor tolerance....      3.99       LU singularity tol.....  3.25E-11       Timing level...........         0
 LU update tolerance....      3.99       LU swap tolerance......  1.22E-04       Debug level............         0
 LU partial  pivoting...                 eps (machine precision)  2.22E-16       System information.....        No
                                                                                 Sticky parameters......        No
1
 

 

 Matrix statistics
 -----------------
               Total      Normal        Free       Fixed     Bounded
 Rows           2945         760         329        1815          41
 Columns        2646          41        1376         122        1107

 No. of matrix elements                76769     Density       0.985
 Biggest  constant element        3.2381E+02  (excluding fixed columns,
 Smallest constant element        1.0000E+00   free rows, and RHS)

 No. of objective coefficients             0

 Nonlinear constraints    2146     Linear constraints     799
 Nonlinear variables      2646     Linear variables         0
 Jacobian  variables      2646     Objective variables   1517
 Total constraints        2945     Total variables       2646
1
 

 
 The user has defined   76254   out of   76254   first  derivatives

 Cheap test of user-supplied problem derivatives...

 The constraint gradients seem to be OK.

 -->  The largest discrepancy was    7.44E-06  in constraint  2740
 

 The objective  gradients seem to be OK.

 Gradient projected in one direction   2.11421308008E-03
 Difference approximation              2.11437830601E-03
1
 
 Singular(m=n)  rank     2945  n-rank       0  nsing        3
 Singular(m=n)  rank     2945  n-rank       0  nsing       44

    Itn     FP mult  FP step   rgNorm          NumInf         SumInf   +SBS   -SBS    -BS    Pivot     L+U ncp    nS condZHZ
    196    -1.8E+02  1.6E-07                      298  2.5877500E-01   2075   2075   2928            25529
    296    -2.5E+03  4.6E-10                      266  2.5621312E-01   1876   1876   3640            28929
    396    -9.6E+02  3.0E-07                      237  2.4044498E-01   2333   2333   4463            33439
    496    -1.6E+02  3.5E-06                      179  1.7958160E-01   2002   2002   4307            37758
    596    -4.0E+01  8.0E-10                      119  1.1601954E-01   2511   2511   3896            40333
    696    -1.5E+02  9.1E-10                       86  9.7186703E-02     24     24   2713            43475
    796     1.5E+01  3.3E-12                       49  7.9494662E-02   4904   4904   4905            46047
    896    -3.8E+01  3.0E-05                       26  6.8562651E-02   1021   1021   3451            48860
    996     4.5E-01  4.0E-04                       12  7.1631283E-03   1197   1197     16            47714

    Itn     QP mult  QP step   rgNorm          NonOpt   QP Objective   +SBS   -SBS    -BS    Pivot     L+U ncp    nS condZHZ
   1096     4.2E+07  1.4E-02                      545  3.4006618E+02     33     33   4544            48542
   1196              1.0E+00  4.0E-10             528  2.8033563E+02                                 50755         1 1.0E+08
   1296    -2.0E+02  2.8E-06  8.6E+02             527  2.5854506E+02   1161   1161     21  3.5E-03   53366         3 3.5E+01
   1396              1.0E+00  9.2E-04             505  2.4141367E+02                                 51420         5 4.9E+02
   1496     1.4E+03  2.6E-05  2.2E+01             495  2.3265080E+02     23     23     33  2.3E-02   49068         7 4.7E+02
 

   Itns Major Minors    Step   nCon Feasible  Optimal  MeritFunction     L+U BSwap     nS condZHZ Penalty
   1587     0   1491              1  1.8E-04  1.9E-03  2.2438448E+02   50655           22 3.7E+03         _  r  t

    Itn     QP mult  QP step   rgNorm          NonOpt   QP Objective   +SBS   -SBS    -BS    Pivot     L+U ncp    nS condZHZ
   1687              1.0E+00  3.9E-10             148  2.1561579E+02                                 47195        32 3.8E+04
   1787              1.0E+00  6.0E-08              98  2.0132751E+02                                 47389        51 1.6E+04
   1887    -5.4E+00  1.0E+00  4.1E-08               7  1.9459762E+02   1350                          48708        94 1.6E+04

   Itns Major Minors    Step   nCon Feasible  Optimal  MeritFunction     L+U BSwap     nS condZHZ Penalty
   1900     1    313 2.0E-02      3  1.7E-04  2.0E-03  2.5977700E+02   48968           98 1.6E+04 1.5E+05 _  r

    Itn     QP mult  QP step   rgNorm          NonOpt   QP Objective   +SBS   -SBS    -BS    Pivot     L+U ncp    nS condZHZ
   2000              1.9E-05  1.8E+03             336  8.1273501E+02            24         2.6E-06   46243       116 1.1E+08
   2100     1.5E+02  1.5E-08  9.4E-09             255  4.8375327E+02   5197   5197   5196  1.0E+00   47081       152 1.3E+08
   2200              1.0E+00  2.0E-08                  4.7708433E+02                                 47443       196 1.3E+08

   Itns Major Minors    Step   nCon Feasible  Optimal  MeritFunction     L+U BSwap     nS condZHZ Penalty
   2200     2    300 3.4E-03      5  1.7E-04  6.2E-03  2.5966644E+02   47443          196 1.3E+08 1.4E+05 _s    T

    Itn     QP mult  QP step   rgNorm          NonOpt   QP Objective   +SBS   -SBS    -BS    Pivot     L+U ncp    nS condZHZ
   2300              1.0E+00  4.0E-07             274  3.5350837E+02                                 46494       201 1.0E+08
   2400    -2.1E+01  1.0E+00  4.1E-06             212  3.5285567E+02   1497                          47401       238 1.0E+08
   2500              1.0E+00  3.4E-07             171  3.5258665E+02                                 47787   1   282 1.0E+08

   Itns Major Minors    Step   nCon Feasible  Optimal  MeritFunction     L+U BSwap     nS condZHZ Penalty
   2507     3    307 5.7E-01      7  1.7E-04  1.3E-01  4.9897655E+02   47948          284 1.0E+08 1.4E+06 _     T

    Itn     QP mult  QP step   rgNorm          NonOpt   QP Objective   +SBS   -SBS    -BS    Pivot     L+U ncp    nS condZHZ
   2607              1.0E+00  4.8E-09             163  4.3447552E+02                                 45613       304 1.1E+08
   2707    -8.1E+00  1.0E+00  2.6E-08              92  4.3427316E+02   2605                          45824       372 1.1E+08

   Itns Major Minors    Step   nCon Feasible  Optimal  MeritFunction     L+U BSwap     nS condZHZ Penalty
   2719     4    212 3.2E-01      9  1.2E-04  4.2E-02  4.0940991E+02   45894          378 1.1E+08 3.9E+03 _     T

    Itn     QP mult  QP step   rgNorm          NonOpt   QP Objective   +SBS   -SBS    -BS    Pivot     L+U ncp    nS condZHZ
   2819     2.1E+00  1.0E+00  1.2E-09              22  3.8877534E+02    994                          46032       466 7.0E+01

   Itns Major Minors    Step   nCon Feasible  Optimal  MeritFunction     L+U BSwap     nS condZHZ Penalty
   2834     5    115 3.3E-01     11  8.6E-05  3.3E-02  4.5649981E+02   46386   109    477 7.0E+01 3.7E+05 _     T
   2909     6     75 2.5E-01     13  7.8E-05  6.9E-03  4.1740206E+02   45760          489 2.3E+04 4.6E+03 _
   2974     7     65 2.9E-01     15  6.4E-05  8.7E-03  4.1089385E+02   51278          486 1.6E+04 1.2E+03 _
   3031     8     57 1.0E+00     16  1.4E-04  4.4E-02  4.0713710E+02   50063          486 4.9E+07 9.9E+02 _
   3067     9     36 1.0E+00     17  4.2E-05  9.7E-03  3.8638309E+02   46261          488 3.2E+06 9.9E+02 _
   3126    10     59 4.2E-01     19  2.2E-05  2.0E-02  3.7872213E+02   45218          487 3.1E+06 9.9E+02 _
   3163    11     37 4.2E-01     21  3.5E-05  3.0E-02  3.7077160E+02   45625          483 3.1E+06 9.9E+02 _
   3232    12     69 1.0E+00     22  3.7E-05  1.7E-03  3.6510962E+02   44060          488 7.7E+02 9.9E+02 _  R
   3243    13     11 4.5E-01     24  3.4E-05  1.3E-03  3.5730300E+02   44675          489 3.6E+04 9.9E+02 _s
   3296    14     53 1.0E+00     25  1.6E-05  1.3E-03  3.5507273E+02   49591          496 3.6E+04 9.9E+02 _
   3311    15     15 1.0E+00     26 (7.1E-07) 1.4E-02  3.5357319E+02   46109          493 3.8E+04 9.9E+02 _
   3327    16     16 1.0E+00     27 (3.3E-06) 1.4E-03  3.5138938E+02   44332          494 3.8E+04 9.9E+02 _
   3359    17     32 1.0E+00     28 (2.4E-06) 8.3E-03  3.4986584E+02   45229          487 2.6E+01 9.9E+02 _
   3383    18     24 1.0E+00     29 (4.3E-06) 9.4E-03  3.4761295E+02   47268          487 1.5E+04 9.9E+02 _
   3391    19      8 1.0E+00     30 (1.3E-06) 2.6E-03  3.4644004E+02   44540          486 1.6E+04 9.9E+02 _

   Itns Major Minors    Step   nCon Feasible  Optimal  MeritFunction     L+U BSwap     nS condZHZ Penalty
   3402    20     11 1.0E+00     31 (1.5E-06) 5.8E-03  3.4567060E+02   46696          487 1.6E+04 9.9E+02 _
   3416    21     14 1.0E+00     32 (1.0E-06) 3.6E-03  3.4513834E+02   45735          486 1.6E+04 9.9E+02 _
   3441    22     25 1.0E+00     33 (1.1E-06) 2.4E-03  3.4453380E+02   46342          488 1.6E+04 9.9E+02 _
   3456    23     15 1.0E+00     34 (7.6E-07) 3.6E-04  3.4402765E+02   45658          489 2.5E+04 9.9E+02 _  R
   3474    24     18 1.0E+00     35 (1.6E-07) 2.2E-03  3.4379604E+02   43818          481 1.3E+03 9.9E+02 _s
   3479    25      5 1.0E+00     36  8.2E-06  3.9E-03  3.4365067E+02   45738          481 2.5E+04 9.9E+02 _
   3481    26      2 1.0E+00     37  5.1E-06  1.2E-03  3.4293312E+02   44454    64    482 1.4E+04 9.9E+02 _
   3486    27      5 1.0E+00     38 (2.3E-06) 3.8E-03  3.4270963E+02   44980          482 1.4E+04 9.9E+02 _
   3495    28      9 1.0E+00     39 (1.0E-06) 3.2E-03  3.4213045E+02   45834          479 1.1E+04 9.9E+02 _
   3519    29     24 1.0E+00     40 (2.2E-06) 2.0E-03  3.4159983E+02   45449          477 1.1E+04 9.9E+02 _
   3529    30     10 1.0E+00     41 (3.3E-06) 4.4E-03  3.4095016E+02   44079          478 1.4E+04 9.9E+02 _
   3543    31     14 1.0E+00     42 (4.4E-06) 1.7E-03  3.4005916E+02   43980          479 2.2E+04 9.9E+02 _
   3574    32     31 1.0E+00     43 (3.7E-06) 5.2E-03  3.3935839E+02   45164          483 2.1E+04 9.9E+02 _
   3610    33     36 1.0E+00     44 (2.0E-06) 5.2E-03  3.3840242E+02   46155          479 2.1E+04 9.9E+02 _
   3619    34      9 1.0E+00     45 (3.1E-06) 4.5E-04  3.3768194E+02   48897    75    479 4.0E+06 9.9E+02 _  R
   3628    35      9 1.0E+00     46 (2.1E-06) 1.3E-03  3.3727404E+02   44939          479 4.0E+06 9.9E+02 _s
   3632    36      4 1.0E+00     47 (2.4E-07) 5.8E-04  3.3698312E+02   45141          481 3.9E+06 9.9E+02 _
   3649    37     17 1.0E+00     48 (4.6E-07) 1.1E-03  3.3682216E+02   45677          478 8.8E+02 9.9E+02 _
   3686    38     37 1.0E+00     49 (3.8E-07) 2.4E-02  3.3654528E+02   45906          478 8.8E+02 9.9E+02 _
   3696    39     10 1.0E+00     50 (4.2E-06) 1.8E-03  3.3609875E+02   43763          480 3.7E+03 9.9E+02 _

   Itns Major Minors    Step   nCon Feasible  Optimal  MeritFunction     L+U BSwap     nS condZHZ Penalty
   3720    40     24 1.0E+00     51 (1.3E-07) 5.8E-03  3.3599381E+02   44430          481 1.5E+04 9.9E+02 _
   3752    41     32 1.0E+00     52 (1.9E-07) 4.3E-03  3.3584848E+02   43248          483 1.8E+04 9.9E+02 _
   3780    42     28 1.0E+00     53 (1.1E-06) 4.8E-03  3.3561110E+02   45225          479 1.8E+04 9.9E+02 _
   3827    43     47 1.0E+00     54 (9.7E-07) 1.0E-02  3.3542578E+02   45173          474 9.3E+02 9.9E+02 _
   3875    44     48 1.0E+00     55 (1.3E-06) 1.9E-02  3.3519115E+02   45722          474 1.5E+03 9.9E+02 _
   3885    45     10 1.0E+00     56 (3.5E-06) 4.6E-04  3.3476469E+02   43338          479 1.8E+04 9.9E+02 _  R
   3908    46     23 1.0E+00     57 (6.7E-08) 8.1E-03  3.3457424E+02   43912          479 1.6E+04 9.9E+02 _s
   3928    47     20 1.0E+00     58 (2.4E-06) 1.1E-02  3.3436728E+02   43667          475 1.5E+04 9.9E+02 _
   3947    48     19 1.0E+00     59 (2.5E-07) 1.3E-02  3.3427973E+02   42595          474 1.8E+04 9.9E+02 _
   3959    49     12 1.0E+00     60 (3.8E-07) 9.0E-04  3.3409389E+02   41658          477 1.8E+04 9.9E+02 _
   3972    50     13 1.0E+00     61 (4.8E-07) 1.3E-03  3.3405491E+02   43654    79    475 1.5E+04 9.9E+02 _
   3994    51     22 1.0E+00     62 (1.7E-07) 1.4E-03  3.3389034E+02   43699          474 8.7E+06 9.9E+02 _
   4001    52      7 1.0E+00     63 (3.5E-07) 5.8E-04  3.3383040E+02   45045          476 8.1E+06 9.9E+02 _
   4033    53     32 1.0E+00     64 (2.7E-07) 1.1E-02  3.3370716E+02   47145          481 4.2E+07 9.9E+02 _
   4043    54     10 1.0E+00     65 (5.1E-07) 5.7E-04  3.3357111E+02   43022          480 4.2E+07 9.9E+02 _
   4060    55     17 1.0E+00     66 (2.7E-07) 2.1E-03  3.3348023E+02   43863          479 4.2E+07 9.9E+02 _
   4066    56      6 1.0E+00     67 (3.6E-07) 4.3E-04  3.3336906E+02   43588          477 1.5E+04 9.9E+02 _  R
   4074    57      8 1.0E+00     68 (3.9E-07) 5.1E-03  3.3334639E+02   43189    88    472 5.5E+01 9.9E+02 _s
   4083    58      9 1.0E+00     69 (1.1E-07) 1.5E-03  3.3324345E+02   44466          472 3.9E+03 9.9E+02 _
   4099    59     16 1.0E+00     70 (2.0E-08) 1.5E-02  3.3321417E+02   44215          473 1.1E+03 9.9E+02 _

   Itns Major Minors    Step   nCon Feasible  Optimal  MeritFunction     L+U BSwap     nS condZHZ Penalty
   4124    60     25 1.0E+00     71 (4.2E-07) 3.1E-03  3.3312034E+02   45423          477 4.0E+06 9.9E+02 _
   4142    61     18 1.0E+00     72 (1.7E-07) 2.9E-02  3.3311427E+02   45220          471 4.1E+06 9.4E+06 _
   4180    62     38 1.0E+00     73 (4.5E-07) 2.1E-02  3.3305214E+02   47212          474 4.6E+06 4.6E+04 _
   4205    63     25 1.0E+00     74 (5.6E-07) 2.2E-02  3.3298887E+02   47045          471 4.8E+06 7.7E+03 _
   4246    64     41 1.0E+00     75 (2.4E-07) 1.8E-03  3.3291512E+02   48289    87    472 1.6E+03 5.7E+03 _
   4262    65     16 1.0E+00     76 (7.7E-07) 6.1E-02  3.3274942E+02   44191          474 1.5E+07 5.7E+03 _
   4317    66     55 1.0E+00     77 (2.4E-07) 4.7E-03  3.3262250E+02   45639          474 1.3E+07 5.7E+03 _
   4328    67     11 1.0E+00     78 (5.0E-07) 9.4E-03  3.3244058E+02   44610          474 5.7E+07 5.7E+03 _  R
   4346    68     18 1.0E+00     79 (3.3E-08) 7.3E-03  3.3238198E+02   43473          474 5.4E+07 5.7E+03 _s
   4374    69     28 1.0E+00     80 (4.8E-07) 2.6E-03  3.3228745E+02   46285          472 4.8E+07 5.7E+03 _
   4376    70      2 1.0E+00     81 (8.2E-08) 4.2E-03  3.3226956E+02   43865          472 4.5E+07 5.7E+03 _
   4382    71      6 1.0E+00     82 (3.2E-08) 2.1E-03  3.3221919E+02   44133          471 4.1E+07 5.7E+03 _
   4389    72      7 1.0E+00     83 (6.3E-08) 1.3E-03  3.3219101E+02   43366          471 3.2E+07 5.7E+03 _
   4410    73     21 1.0E+00     84 (5.1E-08) 2.6E-03  3.3214099E+02   42215    76    468 1.7E+04 5.7E+03 _
   4435    74     25 1.0E+00     85 (3.9E-08) 4.4E-03  3.3210657E+02   44546          471 1.5E+04 5.7E+03 _
   4457    75     22 1.0E+00     86 (8.6E-08) 1.1E-02  3.3206935E+02   42341          470 1.8E+04 5.7E+03 _
   4496    76     39 1.0E+00     87 (3.7E-07) 2.0E-02  3.3200513E+02   44099          470 1.9E+04 5.7E+03 _
   4504    77      8 1.0E+00     88 (1.4E-06) 5.8E-03  3.3193281E+02   42672          469 1.1E+03 5.7E+03 _
   4515    78     11 1.0E+00     89 (7.8E-07) 1.6E-03  3.3185253E+02   44314          470 6.1E+04 5.7E+03 _  R
   4517    79      2 1.0E+00     90 (9.2E-08) 1.0E-03  3.3179884E+02   43260          470 6.1E+04 5.7E+03 _s

   Itns Major Minors    Step   nCon Feasible  Optimal  MeritFunction     L+U BSwap     nS condZHZ Penalty
   4526    80      9 1.0E+00     91 (6.0E-08) 3.3E-03  3.3173315E+02   43176          469 6.2E+04 5.7E+03 _
   4531    81      5 1.0E+00     92 (3.3E-07) 2.2E-03  3.3164801E+02   44795          469 4.1E+03 5.7E+03 _
   4532    82      1 1.0E+00     93 (9.1E-08) 2.3E-03  3.3162159E+02   42605    62    469 4.0E+01 5.7E+03 _
   4537    83      5 1.0E+00     94 (9.8E-08) 1.5E-03  3.3159545E+02   42944          469 4.2E+01 5.7E+03 _
   4543    84      6 1.0E+00     95 (1.3E-07) 9.1E-04  3.3156774E+02   42945          469 9.6E+02 5.7E+03 _
   4545    85      2 1.0E+00     96 (9.0E-08) 3.6E-03  3.3154637E+02   42403          470 4.0E+03 5.7E+03 _
   4552    86      7 1.0E+00     97 (1.0E-07) 1.0E-03  3.3152326E+02   44683          468 4.7E+01 5.7E+03 _
   4559    87      7 1.0E+00     98 (1.9E-07) 2.9E-03  3.3148994E+02   42721          468 4.7E+01 5.7E+03 _
   4561    88      2 1.0E+00     99 (2.3E-07) 6.3E-03  3.3144478E+02   43535          467 4.8E+01 5.7E+03 _
   4567    89      6 1.0E+00    100 (4.9E-07) 2.2E-03  3.3137127E+02   43512          469 4.1E+03 5.7E+03 _  R
   4569    90      2 1.0E+00    101 (4.7E-08) 1.0E-03  3.3132559E+02   43137          469 4.2E+03 5.7E+03 _s
   4572    91      3 1.0E+00    102 (2.1E-07) 1.7E-03  3.3127731E+02   42826    62    468 8.6E+01 5.7E+03 _
   4577    92      5 1.0E+00    103 (2.0E-07) 1.6E-03  3.3125109E+02   41273          468 8.8E+01 5.7E+03 _
   4579    93      2 1.0E+00    104 (4.6E-07) 2.1E-03  3.3121713E+02   41735          468 9.6E+01 5.7E+03 _
   4584    94      5 1.0E+00    105 (3.3E-07) 1.9E-03  3.3119749E+02   41363          468 9.8E+01 5.7E+03 _
   4587    95      3 1.0E+00    106 (4.5E-08) 7.4E-04  3.3117462E+02   42172          467 5.5E+02 5.7E+03 _
   4588    96      1 1.0E+00    107 (9.1E-08) 2.0E-03  3.3114571E+02   42252          467 5.2E+02 5.7E+03 _
   4590    97      2 1.0E+00    108 (2.0E-07) 1.8E-03  3.3111261E+02   41795          467 5.0E+02 5.7E+03 _
   4593    98      3 1.0E+00    109 (2.6E-07) 2.5E-03  3.3107928E+02   41665          468 7.3E+04 5.7E+03 _
   4595    99      2 1.0E+00    110 (2.6E-07) 5.8E-03  3.3102726E+02   42547          468 7.7E+04 5.7E+03 _

   Itns Major Minors    Step   nCon Feasible  Optimal  MeritFunction     L+U BSwap     nS condZHZ Penalty
   4596   100      1 1.0E+00    111 (6.7E-07) 3.4E-03  3.3091067E+02   42514    68    468 5.7E+01 5.7E+03 _  R
   4597   101      1 1.0E+00    112 (1.2E-07) 1.2E-03  3.3085526E+02   44579          468 5.8E+01 5.7E+03 _s
   4599   102      2 1.0E+00    113 (6.6E-08) 2.2E-03  3.3080288E+02   41828          468 5.8E+01 5.7E+03 _
   4600   103      1 1.0E+00    114 (2.7E-07) 2.3E-03  3.3075735E+02   44160          468 6.1E+01 5.7E+03 _
   4601   104      1 1.0E+00    115 (2.8E-07) 1.8E-03  3.3072714E+02   44135          468 6.2E+01 5.7E+03 _
   4603   105      2 1.0E+00    116 (2.8E-07) 1.1E-03  3.3069922E+02   44276          467 6.4E+01 5.7E+03 _
   4604   106      1 1.0E+00    117 (8.8E-08) 8.4E-04  3.3067934E+02   42436          467 6.6E+01 5.7E+03 _
   4606   107      2 1.0E+00    118 (8.0E-08) 6.8E-04  3.3066136E+02   42426          467 6.9E+01 5.7E+03 _
   4610   108      4 1.0E+00    119 (1.2E-07) 9.3E-04  3.3063986E+02   43138          467 7.3E+01 5.7E+03 _
   4611   109      1 1.0E+00    120 (1.4E-07) 1.6E-03  3.3061503E+02   41295    64    467 8.1E+01 5.7E+03 _
   4615   110      4 1.0E+00    121 (9.2E-08) 1.4E-03  3.3058764E+02   40997          467 8.3E+01 5.7E+03 _
   4620   111      5 1.0E+00    122 (1.3E-07) 4.8E-04  3.3054683E+02   41322          468 4.7E+03 5.7E+03 _  R
   4621   112      1 1.0E+00    123 (3.4E-08) 2.6E-03  3.3051959E+02   42682          468 4.8E+03 5.7E+03 _s
   4625   113      4 1.0E+00    124 (7.4E-07) 1.5E-03  3.3047931E+02   42444          468 4.9E+03 5.7E+03 _
   4630   114      5 1.0E+00    125 (1.3E-07) 8.4E-04  3.3045450E+02   42048          467 7.3E+01 5.7E+03 _
   4631   115      1 1.0E+00    126 (7.8E-08) 2.2E-03  3.3044464E+02   41541          467 7.6E+01 5.7E+03 _
   4635   116      4 1.0E+00    127 (1.4E-08) 2.5E-03  3.3041652E+02   42309    54    467 1.8E+02 5.7E+03 _
   4637   117      2 1.0E+00    128 (1.2E-07) 1.0E-03  3.3039614E+02   42019          467 1.8E+02 5.7E+03 _
   4640   118      3 1.0E+00    129 (1.8E-07) 7.5E-04  3.3035892E+02   42100          467 5.8E+03 5.7E+03 _
   4642   119      2 1.0E+00    130 (2.7E-07) 3.9E-03  3.3032913E+02   43973          467 6.0E+03 5.7E+03 _

   Itns Major Minors    Step   nCon Feasible  Optimal  MeritFunction     L+U BSwap     nS condZHZ Penalty
   4647   120      5 1.0E+00    131 (1.5E-07) 2.9E-03  3.3028028E+02   44499          467 6.2E+03 5.7E+03 _
   4651   121      4 1.0E+00    132 (4.9E-07) 1.1E-03  3.3021214E+02   43760          467 1.0E+05 5.7E+03 _
   4657   122      6 1.0E+00    133 (7.1E-07) 1.7E-03  3.3008410E+02   43019          468 8.7E+04 5.7E+03 _  R
   4658   123      1 5.1E-01    135 (3.6E-07) 1.2E-03  3.3000782E+02   43816          468 8.7E+04 5.7E+03 _s
   4660   124      2 1.0E+00    136 (5.2E-08) 2.5E-03  3.2997822E+02   43169          468 8.9E+04 5.7E+03 _
   4668   125      8 1.0E+00    137 (8.8E-07) 2.0E-03  3.2991337E+02   43597    68    468 2.7E+04 5.7E+03 _
   4675   126      7 1.0E+00    138 (3.5E-07) 3.6E-03  3.2988519E+02   42449          465 8.7E+01 5.7E+03 _
   4682   127      7 1.0E+00    139 (4.0E-07) 2.1E-03  3.2985784E+02   41793          465 9.2E+01 5.7E+03 _
   4689   128      7 1.0E+00    140 (7.5E-08) 1.3E-03  3.2983988E+02   43652          465 2.4E+02 5.7E+03 _
   4691   129      2 1.0E+00    141 (8.0E-08) 1.1E-03  3.2982361E+02   43022          465 2.7E+02 5.7E+03 _
   4696   130      5 1.0E+00    142 (1.0E-07) 5.8E-04  3.2980691E+02   42856          465 3.1E+02 5.7E+03 _
   4698   131      2 1.0E+00    143 (7.3E-08) 7.6E-04  3.2979226E+02   43137          465 3.3E+02 5.7E+03 _
   4712   132     14 1.0E+00    144 (5.1E-08) 9.4E-04  3.2977734E+02   43375          465 1.2E+03 5.7E+03 _
   4714   133      2 1.0E+00    145 (6.1E-08) 7.4E-04  3.2975661E+02   40372    71    464 8.7E+01 5.7E+03 _  R
   4726   134     12 1.0E+00    146 (5.7E-09) 3.2E-03  3.2974293E+02   41970          465 2.3E+02 5.7E+03 _s
   4732   135      6 1.0E+00    147 (3.5E-07) 4.4E-03  3.2973692E+02   43324          464 2.5E+02 5.7E+03 _
   4739   136      7 1.0E+00    148 (5.8E-08) 4.7E-03  3.2970791E+02   42908          463 9.9E+01 5.7E+03 _
   4745   137      6 4.2E-01    150 (4.6E-08) 2.9E-03  3.2969258E+02   43554          463 1.0E+06 5.7E+03 _
   4748   138      3 1.0E+00    151 (6.5E-08) 2.2E-03  3.2967677E+02   41933          464 1.1E+06 5.7E+03 _
   4750   139      2 1.0E+00    152 (4.3E-08) 3.4E-03  3.2966793E+02   42604          464 1.2E+06 5.7E+03 _

   Itns Major Minors    Step   nCon Feasible  Optimal  MeritFunction     L+U BSwap     nS condZHZ Penalty
   4756   140      6 1.0E+00    153 (1.7E-07) 2.8E-03  3.2962709E+02   42126          463 1.3E+06 5.7E+03 _
   4760   141      4 1.0E+00    154 (4.7E-07) 5.3E-03  3.2960405E+02   43574          463 1.3E+06 5.7E+03 _
   4764   142      4 1.0E+00    155 (1.3E-07) 3.5E-03  3.2954287E+02   43415    67    463 1.0E+02 5.7E+03 _
   4770   143      6 1.0E+00    156 (6.2E-07) 3.4E-03  3.2948779E+02   45691          463 3.6E+05 5.7E+03 _
   4772   144      2 1.0E+00    157 (3.9E-07) 1.2E-03  3.2942489E+02   44248          463 3.0E+05 5.7E+03 _  R
   4773   145      1 4.2E-01    159 (2.7E-07) 9.4E-04  3.2932140E+02   43609    64    463 1.1E+02 5.7E+03 _s
   4775   146      2 1.0E+00    160 (2.9E-08) 1.6E-03  3.2929469E+02   43965          463 1.1E+02 5.7E+03 _
   4783   147      8 1.0E+00    161 (1.0E-07) 5.2E-03  3.2926383E+02   45494          464 2.8E+03 5.7E+03 _
   4787   148      4 1.0E+00    162 (4.4E-07) 1.6E-03  3.2922559E+02   43308          463 1.3E+02 5.7E+03 _
   4792   149      5 1.0E+00    163 (1.1E-07) 1.0E-03  3.2920765E+02   43659          463 1.4E+02 5.7E+03 _
   4794   150      2 1.0E+00    164 (1.4E-07) 1.7E-03  3.2918910E+02   43957          463 1.5E+02 5.7E+03 _
   4799   151      5 1.0E+00    165 (1.5E-07) 1.2E-03  3.2917195E+02   44520          463 1.6E+02 5.7E+03 _
   4804   152      5 1.0E+00    166 (8.2E-08) 3.9E-04  3.2915878E+02   42973          463 1.6E+02 5.7E+03 _
   4809   153      5 1.0E+00    167 (3.6E-08) 8.9E-04  3.2914686E+02   43321          463 1.7E+02 5.7E+03 _
   4817   154      8 1.0E+00    168 (4.3E-08) 1.4E-03  3.2912970E+02   42678    53    463 1.5E+06 5.7E+03 _
   4819   155      2 1.0E+00    169 (1.1E-07) 6.9E-04  3.2909892E+02   43422          463 1.4E+06 5.7E+03 _  R
   4824   156      5 1.0E+00    170 (1.6E-08) 1.2E-03  3.2907820E+02   44023          463 1.4E+06 5.7E+03 _s
   4829   157      5 1.0E+00    171 (1.3E-07) 9.3E-04  3.2905550E+02   43429          463 1.5E+06 5.7E+03 _
   4834   158      5 1.0E+00    172 (4.6E-08) 1.1E-03  3.2904113E+02   44255          463 1.6E+06 5.7E+03 _
   4841   159      7 1.0E+00    173 (5.1E-08) 3.3E-04  3.2902784E+02   44734          463 4.5E+05 5.7E+03 _

   Itns Major Minors    Step   nCon Feasible  Optimal  MeritFunction     L+U BSwap     nS condZHZ Penalty
   4843   160      2 1.0E+00    174 (1.1E-07) 3.4E-03  3.2900668E+02   44046          463 4.7E+05 5.7E+03 _
   4848   161      5 1.0E+00    175 (4.0E-07) 1.2E-03  3.2897556E+02   43978          463 4.8E+05 5.7E+03 _
   4854   162      6 1.0E+00    176 (3.2E-07) 7.8E-03  3.2894395E+02   42303          464 4.9E+05 5.7E+03 _
   4860   163      6 1.0E+00    177 (1.8E-07) 6.8E-03  3.2891279E+02   44263    51    463 6.7E+02 5.7E+03 _
   4863   164      3 1.0E+00    178 (1.8E-07) 3.0E-03  3.2886891E+02   44745          464 9.0E+03 5.7E+03 _
   4869   165      6 1.0E+00    179 (3.8E-07) 6.8E-03  3.2879621E+02   43182          464 4.5E+06 5.7E+03 _
   4874   166      5 1.0E+00    180 (1.4E-06) 2.0E-03  3.2861658E+02   43616          465 7.1E+05 5.7E+03 _  R
   4877   167      3 1.0E+00    181 (3.3E-07) 2.1E-03  3.2852402E+02   44336          464 7.1E+05 5.7E+03 _s
   4882   168      5 1.0E+00    182 (1.3E-07) 1.8E-03  3.2844998E+02   42777          464 7.2E+05 5.7E+03 _
   4887   169      5 1.0E+00    183 (2.2E-07) 1.7E-03  3.2841721E+02   43281          464 7.6E+05 5.7E+03 _
   4890   170      3 1.0E+00    184 (1.8E-07) 4.8E-03  3.2839430E+02   43283          463 8.7E+05 5.7E+03 _
   4896   171      6 1.0E+00    185 (2.5E-07) 4.9E-03  3.2836942E+02   44579          464 1.3E+05 5.7E+03 _
   4900   172      4 1.0E+00    186 (1.6E-07) 2.8E-03  3.2834920E+02   43119    55    464 2.3E+02 5.7E+03 _
   4902   173      2 1.0E+00    187 (1.4E-07) 3.5E-03  3.2832966E+02   43164          463 2.6E+02 5.7E+03 _
   4908   174      6 1.0E+00    188 (2.3E-07) 4.8E-04  3.2830889E+02   44546          463 2.9E+02 5.7E+03 _
   4909   175      1 1.0E+00    189 (7.0E-08) 1.6E-03  3.2829544E+02   43600          463 3.3E+02 5.7E+03 _
   4914   176      5 1.0E+00    190 (3.3E-08) 9.1E-04  3.2828255E+02   44440          463 3.9E+02 5.7E+03 _
   4918   177      4 1.0E+00    191 (7.5E-08) 1.2E-03  3.2825967E+02   44047          463 2.4E+02 5.7E+03 _  R
   4924   178      6 1.0E+00    192 (1.4E-08) 2.2E-03  3.2824447E+02   44685          463 2.6E+02 5.7E+03 _s
   4928   179      4 1.0E+00    193 (4.4E-07) 5.9E-03  3.2822569E+02   43476          463 2.8E+02 5.7E+03 _

   Itns Major Minors    Step   nCon Feasible  Optimal  MeritFunction     L+U BSwap     nS condZHZ Penalty
   4932   180      4 1.0E+00    194 (4.7E-08) 3.5E-03  3.2820431E+02   43730          463 3.3E+02 5.7E+03 _
   4933   181      1 1.0E+00    195 (1.1E-07) 2.6E-03  3.2819670E+02   43989    63    463 4.4E+02 5.7E+03 _
   4937   182      4 1.0E+00    196 (4.7E-08) 2.3E-03  3.2816337E+02   42951          463 5.3E+02 5.7E+03 _
   4938   183      1 1.0E+00    197 (2.9E-07) 2.3E-03  3.2814308E+02   42662          463 6.3E+02 5.7E+03 _
   4943   184      5 1.0E+00    198 (2.6E-07) 2.0E-03  3.2810183E+02   43411          464 1.6E+04 5.7E+03 _
   4951   185      8 1.0E+00    199 (8.0E-07) 2.5E-03  3.2806717E+02   42842          464 3.0E+06 5.7E+03 _
   4953   186      2 1.0E+00    200 (8.4E-08) 3.1E-03  3.2800757E+02   42454          464 3.4E+06 5.7E+03 _
   4955   187      2 1.0E+00    201 (4.0E-07) 4.2E-03  3.2790321E+02   42958          464 3.6E+06 5.7E+03 _
   4958   188      3 1.0E+00    202 (7.8E-07) 2.9E-03  3.2771566E+02   42654          465 1.7E+06 5.7E+03 _  R
   4960   189      2 4.3E-01    204 (4.7E-07) 2.9E-03  3.2759376E+02   43290          465 1.7E+06 5.7E+03 _s
   4961   190      1 1.0E+00    205 (4.7E-08) 6.1E-03  3.2756017E+02   41474    69    465 5.0E+02 5.7E+03 _
   4966   191      5 1.0E+00    206 (3.0E-07) 8.4E-03  3.2750749E+02   42005          464 5.7E+02 5.7E+03 _
   4971   192      5 1.0E+00    207 (7.4E-07) 5.5E-03  3.2745458E+02   43389          463 6.3E+02 5.7E+03 _
   4976   193      5 1.0E+00    208 (7.7E-07) 1.7E-03  3.2741629E+02   41420          463 7.0E+02 5.7E+03 _
   4987   194     11 1.0E+00    209 (3.8E-07) 1.7E-03  3.2738962E+02   42191          464 2.8E+05 5.7E+03 _
   4993   195      6 1.0E+00    210 (8.7E-08) 1.8E-03  3.2737022E+02   41841          463 3.4E+05 5.7E+03 _
   4998   196      5 1.0E+00    211 (9.9E-08) 2.8E-03  3.2735156E+02   41634          463 4.6E+05 5.7E+03 _
   5004   197      6 1.0E+00    212 (1.1E-07) 2.6E-03  3.2733328E+02   41839          462 6.5E+05 5.7E+03 _
   5006   198      2 1.0E+00    213 (7.1E-08) 1.1E-03  3.2731323E+02   41815          462 9.3E+05 5.7E+03 _
   5007   199      1 1.0E+00    214 (1.1E-07) 6.6E-04  3.2728147E+02   43189    61    462 9.6E+02 5.7E+03 _  R

   Itns Major Minors    Step   nCon Feasible  Optimal  MeritFunction     L+U BSwap     nS condZHZ Penalty
   5015   200      8 1.0E+00    215 (2.0E-08) 3.7E-03  3.2725906E+02   44095          461 1.4E+03 5.7E+03 _s
   5019   201      4 1.0E+00    216 (1.1E-06) 6.6E-03  3.2722688E+02   42245          461 2.0E+03 5.7E+03 _
   5029   202     10 1.0E+00    217 (2.3E-07) 8.0E-03  3.2718567E+02   42359          462 5.6E+06 5.7E+03 _
   5034   203      5 1.0E+00    218 (1.7E-07) 2.7E-03  3.2715682E+02   43666          462 7.5E+06 5.7E+03 _
   5039   204      5 1.0E+00    219 (2.8E-07) 5.6E-03  3.2710158E+02   43573          462 1.3E+07 5.7E+03 _
   5044   205      5 1.0E+00    220 (3.6E-07) 5.4E-03  3.2702969E+02   44408          462 3.1E+07 5.7E+03 _
   5054   206     10 1.0E+00    221 (1.9E-06) 5.7E-03  3.2687615E+02   43313          463 5.6E+06 5.7E+03 _
   5058   207      4 1.0E+00    222 (2.3E-06) 6.7E-03  3.2670552E+02   42166          465 8.5E+06 5.7E+03 _
   5062   208      4 1.0E+00    223 (1.8E-06) 4.3E-03  3.2664287E+02   41931    69    466 8.5E+06 5.7E+03 _
   5064   209      2 1.0E+00    224 (7.8E-07) 6.9E-03  3.2634897E+02   41978          466 1.1E+07 5.7E+03 _
   5071   210      7 1.0E+00    225 (2.7E-06) 9.4E-03  3.2604534E+02   41331          466 2.8E+06 5.7E+03 _  R
   5075   211      4 3.7E-01    227 (2.0E-06) 5.9E-03  3.2559464E+02   43155          466 2.8E+06 5.7E+03 _s
   5078   212      3 1.0E+00    228 (1.4E-07) 7.5E-03  3.2547606E+02   42649          466 4.0E+03 5.7E+03 _
   5079   213      1 1.0E+00    229 (8.2E-07) 4.2E-03  3.2532826E+02   42430          466 4.8E+03 5.7E+03 _
   5081   214      2 1.0E+00    230 (8.9E-07) 7.0E-03  3.2522151E+02   42242          467 5.2E+06 5.7E+03 _
   5087   215      6 1.0E+00    231 (1.3E-06) 4.1E-03  3.2511497E+02   43505          465 7.3E+03 5.7E+03 _
   5092   216      5 1.0E+00    232 (6.8E-07) 8.2E-03  3.2502731E+02   42149          465 1.0E+04 5.7E+03 _
   5104   217     12 1.0E+00    233 (8.7E-07) 5.2E-03  3.2491783E+02   43496    66    464 1.3E+04 5.7E+03 _
   5113   218      9 1.0E+00    234 (9.7E-07) 3.6E-03  3.2480234E+02   44636          465 1.7E+06 5.7E+03 _
   5117   219      4 1.0E+00    235 (6.1E-07) 5.0E-03  3.2470100E+02   43117          466 2.0E+06 5.7E+03 _

   Itns Major Minors    Step   nCon Feasible  Optimal  MeritFunction     L+U BSwap     nS condZHZ Penalty
   5120   220      3 1.0E+00    236 (2.4E-07) 4.4E-03  3.2461450E+02   44863          465 2.4E+05 5.7E+03 _
   5123   221      3 1.0E+00    237 (2.1E-07) 5.3E-03  3.2450116E+02   43655          464 1.5E+05 5.7E+03 _  R
   5132   222      9 1.0E+00    238 (6.0E-08) 2.0E-02  3.2441088E+02   44224          463 1.8E+07 5.7E+03 _s
   5148   223     16 1.0E+00    239  5.9E-06  2.2E-02  3.2424663E+02   44769          463 3.5E+06 5.7E+03 _
   5158   224     10 1.0E+00    240 (2.3E-06) 5.1E-02  3.2399788E+02   43592          464 1.8E+07 5.7E+03 _
   5162   225      4 1.0E+00    241 (2.0E-06) 1.7E-02  3.2384450E+02   43839          462 1.9E+07 5.7E+03 _
   5169   226      7 1.0E+00    242 (3.3E-06) 2.9E-02  3.2356453E+02   41730    68    462 1.3E+07 5.7E+03 _
   5176   227      7 1.0E+00    243  8.4E-06  2.3E-02  3.2345442E+02   44107          463 1.8E+07 5.7E+03 _
   5181   228      5 1.0E+00    244  6.0E-06  2.0E-02  3.2295043E+02   40836          461 5.7E+04 5.7E+03 _
   5185   229      4 1.0E+00    245 (3.2E-06) 2.2E-02  3.2273300E+02   41820          463 2.1E+08 5.7E+03 _
   5187   230      2 1.0E+00    246  9.9E-06  2.4E-02  3.2227869E+02   41697          463 2.5E+08 5.7E+03 _
   5195   231      8 1.0E+00    247 (3.2E-06) 5.3E-02  3.2176227E+02   42433          464 2.9E+08 5.7E+03 _
   5197   232      2 1.0E+00    248  7.8E-06  1.0E-02  3.2079195E+02   42238          464 4.7E+07 5.7E+03 _  R
   5199   233      2 3.0E-01    250  6.4E-06  5.9E-03  3.1979560E+02   43082          464 4.8E+07 5.7E+03 _s
   5205   234      6 1.0E+00    251 (2.4E-07) 3.8E-03  3.1961376E+02   44034          463 6.1E+07 5.7E+03 _
   5210   235      5 1.0E+00    252 (3.8E-07) 1.3E-02  3.1945490E+02   41587    77    464 6.8E+04 5.7E+03 _
   5214   236      4 1.0E+00    253 (2.7E-06) 1.2E-02  3.1915202E+02   41820          464 8.4E+04 5.7E+03 _
   5221   237      7 1.0E+00    254  5.5E-06  1.0E-02  3.1879293E+02   45089          464 9.1E+08 5.7E+03 _
   5237   238     16 1.0E+00    255 (2.4E-06) 2.3E-02  3.1848726E+02   43946          468 4.5E+08 5.7E+03 _
   5248   239     11 1.0E+00    256 (3.8E-07) 5.5E-03  3.1831046E+02   43732          469 5.5E+08 5.7E+03 _

   Itns Major Minors    Step   nCon Feasible  Optimal  MeritFunction     L+U BSwap     nS condZHZ Penalty
   5253   240      5 1.0E+00    257 (4.1E-07) 6.3E-03  3.1819746E+02   44584          468 7.1E+08 5.7E+03 _
   5258   241      5 1.0E+00    258 (9.4E-07) 1.1E-02  3.1802500E+02   42929          468 8.2E+08 5.7E+03 _
   5265   242      7 1.0E+00    259 (2.8E-06) 5.2E-03  3.1769391E+02   41783          468 6.1E+08 5.7E+03 _
   5268   243      3 1.0E+00    260 (3.0E-06) 2.3E-03  3.1727616E+02   41769          467 4.9E+08 5.7E+03 _  R
   5272   244      4 1.0E+00    261 (1.8E-07) 6.7E-03  3.1704979E+02   42785    76    467 2.2E+04 5.7E+03 _s
   5283   245     11 1.0E+00    262 (2.8E-06) 4.7E-03  3.1683286E+02   43367          469 4.1E+05 5.7E+03 _
   5301   246     18 1.0E+00    263 (9.8E-07) 9.4E-03  3.1666490E+02   42910          468 4.8E+05 5.7E+03 _
   5324   247     23 1.0E+00    264 (4.2E-07) 2.6E-03  3.1650339E+02   43411          468 5.2E+05 5.7E+03 _
   5353   248     29 1.0E+00    265 (9.5E-07) 8.3E-03  3.1629606E+02   44996          466 1.1E+07 5.7E+03 _
   5368   249     15 1.0E+00    266 (1.9E-06) 4.8E-03  3.1610929E+02   42675          464 9.0E+06 5.7E+03 _
   5372   250      4 1.0E+00    267 (1.3E-06) 8.5E-03  3.1586781E+02   42411          465 1.4E+07 5.7E+03 _
   5375   251      3 1.0E+00    268 (1.6E-06) 1.4E-02  3.1572680E+02   42761          466 1.5E+07 5.7E+03 _
   5379   252      4 1.0E+00    269 (5.9E-07) 2.8E-02  3.1544725E+02   42560          464 8.5E+05 5.7E+03 _
   5395   253     16 1.0E+00    270  5.7E-06  1.5E-02  3.1492490E+02   45979    73    467 2.1E+08 5.7E+03 _
   5402   254      7 1.0E+00    271  8.9E-06  2.1E-02  3.1428848E+02   44216          470 4.1E+07 5.7E+03 _  R
   5408   255      6 5.2E-01    273 (4.3E-06) 8.1E-03  3.1377934E+02   45750          469 4.1E+07 5.7E+03 _s
   5415   256      7 1.0E+00    274 (6.0E-07) 8.8E-03  3.1356738E+02   44348          469 4.4E+07 5.7E+03 _
   5421   257      6 1.0E+00    275 (4.3E-06) 2.2E-02  3.1327154E+02   44384          470 4.6E+07 5.7E+03 _
   5440   258     19 1.0E+00    276  6.1E-06  1.0E-02  3.1303519E+02   44831          472 4.8E+07 5.7E+03 _
   5460   259     20 1.0E+00    277 (2.8E-06) 6.8E-03  3.1285896E+02   45640          469 5.2E+07 5.7E+03 _

   Itns Major Minors    Step   nCon Feasible  Optimal  MeritFunction     L+U BSwap     nS condZHZ Penalty
   5466   260      6 1.0E+00    278 (2.3E-06) 2.2E-02  3.1261660E+02   45289          468 5.5E+07 5.7E+03 _
   5475   261      9 1.0E+00    279 (1.1E-06) 2.9E-02  3.1240846E+02   45146          466 6.7E+07 5.7E+03 _
   5485   262     10 1.0E+00    280 (1.4E-06) 1.3E-02  3.1220366E+02   43537    67    466 1.0E+07 5.7E+03 _
   5494   263      9 1.0E+00    281 (8.9E-07) 6.4E-03  3.1205503E+02   41981          466 1.2E+07 5.7E+03 _
   5501   264      7 1.0E+00    282 (1.3E-06) 9.9E-03  3.1180673E+02   42547          467 1.3E+07 5.7E+03 _
   5524   265     23 1.0E+00    283 (4.3E-06) 1.9E-02  3.1138019E+02   42769          473 1.2E+09 5.7E+03 _  R
   5560   266     36 1.0E+00    284 (3.9E-07) 7.4E-03  3.1109550E+02   45262          472 1.3E+09 5.7E+03 _s
   5582   267     22 1.0E+00    285 (3.8E-06) 2.0E-02  3.1072950E+02   43677          469 1.4E+09 5.7E+03 _
   5588   268      6 1.0E+00    286 (1.5E-06) 6.3E-03  3.1044157E+02   43716          468 1.5E+09 5.7E+03 _
   5602   269     14 1.0E+00    287 (1.6E-06) 6.4E-03  3.1019028E+02   43733          466 6.6E+09 5.7E+03 _
   5626   270     24 1.0E+00    288 (2.9E-06) 2.2E-02  3.0976497E+02   42626          466 2.2E+07 5.7E+03 _
   5631   271      5 1.0E+00    289  1.1E-05  5.7E-02  3.0921036E+02   42714          466 1.9E+04 5.7E+03 _
   5635   272      4 1.0E+00    290 (7.1E-07) 7.6E-03  3.0894134E+02   42588    77    466 3.2E+08 5.7E+03 _
   5675   273     40 1.0E+00    291 (7.6E-07) 2.4E-03  3.0881662E+02   45897          467 2.2E+06 5.7E+03 _
   5684   274      9 1.0E+00    292 (5.1E-07) 6.9E-03  3.0870586E+02   43349    69    467 1.5E+07 5.7E+03 _
   5692   275      8 1.0E+00    293 (8.1E-07) 1.4E-02  3.0859787E+02   44837          468 1.5E+07 5.7E+03 _
   5720   276     28 1.0E+00    294 (8.4E-07) 5.8E-03  3.0845383E+02   47073          465 1.3E+04 5.7E+03 _  R
   5722   277      2 1.0E+00    295 (5.0E-07) 2.5E-03  3.0841429E+02   44985          465 1.3E+04 5.7E+03 _s
   5724   278      2 1.0E+00    296 (1.3E-07) 1.7E-03  3.0836221E+02   43701          465 1.4E+04 5.7E+03 _
   5726   279      2 1.0E+00    297 (1.9E-07) 4.7E-03  3.0831853E+02   44954          465 1.4E+04 5.7E+03 _

   Itns Major Minors    Step   nCon Feasible  Optimal  MeritFunction     L+U BSwap     nS condZHZ Penalty
   5728   280      2 1.0E+00    298 (6.8E-07) 7.3E-03  3.0823681E+02   43713          465 1.4E+04 5.7E+03 _
   5734   281      6 1.0E+00    299 (1.7E-06) 5.7E-03  3.0812335E+02   44208          465 4.4E+07 5.7E+03 _
   5739   282      5 1.0E+00    300 (3.0E-06) 8.5E-03  3.0796081E+02   43870    68    465 2.3E+04 5.7E+03 _
   5745   283      6 1.0E+00    301  8.1E-06  1.3E-02  3.0768069E+02   43754          466 2.3E+04 5.7E+03 _
   5758   284     13 1.0E+00    302  1.5E-05  3.6E-02  3.0726370E+02   45593          464 2.3E+04 5.7E+03 _
   5765   285      7 1.0E+00    303  8.0E-06  1.7E-02  3.0675080E+02   44691          466 1.7E+07 5.7E+03 _
   5774   286      9 1.0E+00    304  1.4E-05  2.3E-02  3.0608578E+02   44419          469 1.7E+07 5.7E+03 _
   5780   287      6 1.0E+00    305  7.4E-06  1.1E-02  3.0571113E+02   43782          468 7.9E+06 5.7E+03 _  R
   5786   288      6 1.0E+00    306 (8.4E-07) 1.1E-02  3.0546119E+02   44345          466 8.3E+06 5.7E+03 _s
   5795   289      9 1.0E+00    307  3.3E-05  2.5E-02  3.0520109E+02   44403          467 8.3E+06 5.7E+03 _
   5802   290      7 1.0E+00    308 (1.9E-06) 1.3E-02  3.0479155E+02   43893          467 8.7E+06 5.7E+03 _
   5810   291      8 4.7E-01    310 (2.2E-06) 8.0E-03  3.0459458E+02   44306    78    467 1.8E+04 5.7E+03 _
   5816   292      6 1.0E+00    311 (1.1E-06) 7.5E-03  3.0441641E+02   45218          465 1.6E+04 5.7E+03 _
   5823   293      7 1.0E+00    312 (4.6E-06) 8.9E-03  3.0424529E+02   46212          466 1.6E+04 5.7E+03 _
   5830   294      7 1.0E+00    313 (2.6E-06) 2.6E-02  3.0417000E+02   45486          467 1.7E+04 5.7E+03 _
   5834   295      4 1.0E+00    314 (5.6E-07) 4.9E-03  3.0401536E+02   45734          467 1.6E+04 5.7E+03 _
   5835   296      1 1.0E+00    315 (9.0E-07) 1.9E-02  3.0396397E+02   45796          467 1.8E+04 5.7E+03 _
   5836   297      1 1.0E+00    316 (6.3E-07) 3.5E-02  3.0379315E+02   43962          467 1.7E+04 5.7E+03 _
   5840   298      4 1.0E+00    317 (1.9E-06) 3.8E-03  3.0365069E+02   44150          467 1.5E+04 5.7E+03 _  R
   5844   299      4 4.1E-01    319 (1.1E-06) 6.3E-03  3.0348033E+02   44322    54    467 3.3E+04 5.7E+03 _s

   Itns Major Minors    Step   nCon Feasible  Optimal  MeritFunction     L+U BSwap     nS condZHZ Penalty
   5849   300      5 1.0E+00    320 (7.2E-08) 6.9E-03  3.0343701E+02   45491          466 3.8E+04 5.7E+03 _
   5874   301     25 1.0E+00    321 (1.0E-07) 1.0E-02  3.0337862E+02   44612          474 3.0E+07 5.7E+03 _
   5902   302     28 1.0E+00    322 (7.5E-07) 1.7E-02  3.0325193E+02   43422          470 3.2E+07 5.7E+03 _
   5929   303     27 1.0E+00    323 (3.4E-06) 1.5E-02  3.0304302E+02   44183          466 3.3E+07 5.7E+03 _
   5938   304      9 1.0E+00    324 (3.1E-06) 3.0E-02  3.0286106E+02   43912          465 3.8E+06 5.7E+03 _
   5951   305     13 1.0E+00    325 (6.4E-07) 8.7E-03  3.0268679E+02   42984          466 4.5E+06 5.7E+03 _
   5973   306     22 1.0E+00    326 (1.3E-06) 9.4E-03  3.0252849E+02   46988          463 4.4E+06 5.7E+03 _
   5982   307      9 1.0E+00    327 (4.5E-07) 1.1E-02  3.0242853E+02   45038          463 3.5E+06 5.7E+03 _
   5992   308     10 1.0E+00    328 (2.4E-06) 1.1E-02  3.0222464E+02   45561    57    464 6.7E+04 5.7E+03 _
   6002   309     10 1.0E+00    329 (3.1E-06) 1.2E-02  3.0196476E+02   45325          466 7.7E+04 5.7E+03 _  R
   6012   310     10 1.0E+00    330 (3.6E-07) 7.3E-03  3.0180834E+02   45829          463 9.9E+04 5.7E+03 _s
   6025   311     13 1.0E+00    331  7.4E-06  1.1E-02  3.0165051E+02   47166          463 1.1E+05 5.7E+03 _
   6035   312     10 1.0E+00    332 (1.2E-06) 5.3E-03  3.0149503E+02   46164          462 1.0E+05 5.7E+03 _
   6050   313     15 1.0E+00    333 (6.9E-07) 1.1E-02  3.0142203E+02   45857          462 1.0E+05 5.7E+03 _
   6054   314      4 1.0E+00    334 (3.9E-07) 7.7E-03  3.0123095E+02   44111          460 1.2E+04 5.7E+03 _
   6069   315     15 1.0E+00    335 (1.4E-06) 4.9E-03  3.0112804E+02   44684          462 1.2E+04 5.7E+03 _
   6074   316      5 1.0E+00    336 (3.5E-06) 9.2E-03  3.0091423E+02   45287          463 3.9E+06 5.7E+03 _
   6076   317      2 1.0E+00    337 (4.9E-06) 1.1E-02  3.0072690E+02   42746    73    464 3.7E+05 5.7E+03 _
   6080   318      4 1.0E+00    338 (2.2E-06) 1.7E-02  3.0049112E+02   43696          462 1.4E+05 5.7E+03 _
   6087   319      7 1.0E+00    339 (1.8E-06) 3.2E-02  3.0015333E+02   43954          463 2.0E+05 5.7E+03 _

   Itns Major Minors    Step   nCon Feasible  Optimal  MeritFunction     L+U BSwap     nS condZHZ Penalty
   6097   320     10 1.0E+00    340 (2.1E-06) 1.5E-02  2.9996168E+02   44902          462 1.3E+05 5.7E+03 _  R
   6102   321      5 4.1E-01    342 (1.2E-06) 1.0E-02  2.9979669E+02   43765          462 1.3E+05 5.7E+03 _s
   6106   322      4 1.0E+00    343 (3.7E-08) 6.5E-03  2.9975285E+02   42918          462 1.2E+05 5.7E+03 _
   6119   323     13 1.0E+00    344 (1.9E-07) 1.2E-02  2.9968571E+02   44558          462 4.4E+06 5.7E+03 _
   6125   324      6 1.0E+00    345 (6.6E-07) 1.1E-02  2.9958706E+02   43190          461 1.8E+06 5.7E+03 _
   6128   325      3 1.0E+00    346 (2.2E-06) 4.9E-03  2.9947948E+02   42951          461 2.4E+04 5.7E+03 _
   6130   326      2 1.0E+00    347 (8.7E-07) 6.6E-03  2.9942316E+02   43211    71    461 1.3E+04 5.7E+03 _
   6134   327      4 1.0E+00    348 (5.7E-07) 5.5E-03  2.9937411E+02   43568          461 1.3E+04 5.7E+03 _
   6142   328      8 1.0E+00    349 (2.3E-07) 3.9E-03  2.9933610E+02   44598          460 1.1E+04 5.7E+03 _
   6148   329      6 1.0E+00    350 (2.7E-07) 3.3E-03  2.9929031E+02   44006          461 1.0E+05 5.7E+03 _
   6158   330     10 1.0E+00    351 (4.2E-07) 5.1E-03  2.9923667E+02   45532          461 1.1E+05 5.7E+03 _
   6162   331      4 1.0E+00    352 (5.9E-07) 1.5E-03  2.9917504E+02   44190          460 1.3E+04 5.7E+03 _  R
   6172   332     10 1.0E+00    353 (4.7E-08) 6.2E-03  2.9914000E+02   44826          459 1.3E+04 5.7E+03 _s
   6177   333      5 4.5E-01    355 (5.7E-07) 5.0E-03  2.9907336E+02   45690          460 1.1E+05 5.7E+03 _
   6183   334      6 1.0E+00    356 (8.6E-07) 5.5E-03  2.9906288E+02   44104          459 1.4E+04 5.7E+03 _
   6184   335      1 1.0E+00    357 (8.6E-07) 4.7E-03  2.9901600E+02   42298          459 1.4E+04 5.7E+03 _
   6185   336      1 4.7E-01    359 (4.5E-07) 1.4E-03  2.9896071E+02   44695    63    459 3.0E+04 5.7E+03 _
   6190   337      5 1.0E+00    360 (4.9E-07) 4.4E-03  2.9891909E+02   44772          459 3.1E+04 5.7E+03 _
   6192   338      2 1.0E+00    361 (8.1E-07) 2.6E-03  2.9886580E+02   44942          458 3.1E+04 5.7E+03 _
   6193   339      1 1.0E+00    362 (1.7E-06) 9.9E-03  2.9877761E+02   44266          458 3.3E+04 5.7E+03 _

   Itns Major Minors    Step   nCon Feasible  Optimal  MeritFunction     L+U BSwap     nS condZHZ Penalty
   6195   340      2 1.0E+00    363 (1.8E-06) 3.4E-03  2.9871399E+02   44061          457 3.4E+04 5.7E+03 _
   6201   341      6 1.0E+00    364 (1.1E-06) 5.0E-03  2.9862934E+02   45358          458 3.4E+04 5.7E+03 _
   6202   342      1 1.0E+00    365 (8.8E-07) 1.7E-03  2.9852580E+02   45294          458 2.7E+04 5.7E+03 _  R
   6203   343      1 3.0E-01    367 (9.3E-07) 1.7E-03  2.9841244E+02   45971          458 2.7E+04 5.7E+03 _s
   6205   344      2 1.0E+00    368 (6.2E-08) 2.5E-03  2.9838375E+02   45617          458 2.8E+04 5.7E+03 _
   6207   345      2 1.0E+00    369 (1.4E-07) 2.5E-03  2.9835444E+02   45659    57    458 3.4E+04 5.7E+03 _
   6213   346      6 1.0E+00    370 (2.3E-07) 2.7E-03  2.9832267E+02   46611          458 3.7E+04 5.7E+03 _
   6215   347      2 1.0E+00    371 (4.2E-07) 1.4E-03  2.9828638E+02   44653          458 3.9E+04 5.7E+03 _
   6220   348      5 1.0E+00    372 (4.2E-07) 2.5E-03  2.9825111E+02   45712          458 4.4E+04 5.7E+03 _
   6229   349      9 1.0E+00    373 (3.5E-07) 2.3E-03  2.9821904E+02   46647          458 4.9E+04 5.7E+03 _
   6235   350      6 1.0E+00    374 (3.4E-07) 1.5E-03  2.9818571E+02   44014          459 5.8E+04 5.7E+03 _
   6240   351      5 1.0E+00    375 (4.2E-07) 1.4E-03  2.9814484E+02   44813          459 6.5E+04 5.7E+03 _
   6245   352      5 1.0E+00    376 (4.6E-07) 2.1E-03  2.9809776E+02   44874          459 7.3E+04 5.7E+03 _
   6254   353      9 1.0E+00    377 (3.6E-07) 3.5E-03  2.9804691E+02   45232          459 2.7E+04 5.7E+03 _  R
   6260   354      6 1.0E+00    378 (5.5E-08) 9.9E-03  2.9801853E+02   44584    58    459 2.0E+04 5.7E+03 _s
   6269   355      9 4.1E-01    380 (8.0E-07) 5.8E-03  2.9795951E+02   44281          458 2.1E+04 5.7E+03 _
   6273   356      4 5.0E-01    382 (1.0E-06) 1.9E-03  2.9790438E+02   44984          457 2.3E+04 5.7E+03 _
   6278   357      5 5.1E-01    384 (7.9E-07) 4.5E-03  2.9787116E+02   43823          457 2.4E+04 5.7E+03 _
   6279   358      1 4.3E-01    386 (5.6E-07) 5.8E-03  2.9784257E+02   43147          457 2.9E+04 5.7E+03 _
   6283   359      4 1.0E+00    387 (1.2E-06) 3.0E-03  2.9778426E+02   44751          457 3.0E+05 5.7E+03 _

   Itns Major Minors    Step   nCon Feasible  Optimal  MeritFunction     L+U BSwap     nS condZHZ Penalty
   6286   360      3 4.5E-01    389 (1.4E-06) 1.4E-03  2.9773398E+02   43526          457 3.1E+05 5.7E+03 _
   6287   361      1 4.6E-01    391 (1.0E-06) 3.3E-03  2.9769527E+02   44108          457 3.2E+05 5.7E+03 _
   6290   362      3 1.0E+00    392 (1.2E-06) 4.7E-03  2.9761717E+02   45099          458 3.3E+05 5.7E+03 _
   6303   363     13 1.0E+00    393  7.3E-06  6.9E-02  2.9748759E+02   45623    66    457 2.0E+04 5.7E+03 _
   6308   364      5 1.0E+00    394  5.8E-06  2.5E-03  2.9706067E+02   44744          458 1.5E+04 5.7E+03 _  R
   6312   365      4 3.3E-01    396 (3.8E-06) 2.5E-03  2.9695148E+02   45632          458 1.5E+04 5.7E+03 _s
   6320   366      8 1.0E+00    397 (1.4E-07) 1.6E-03  2.9690310E+02   45119          458 1.5E+04 5.7E+03 _
   6321   367      1 1.0E+00    398 (2.5E-07) 1.9E-03  2.9685462E+02   44034          458 1.5E+04 5.7E+03 _
   6325   368      4 1.0E+00    399 (5.4E-07) 2.9E-03  2.9681254E+02   44159          458 1.5E+04 5.7E+03 _
   6327   369      2 1.0E+00    400 (1.1E-06) 3.6E-03  2.9676713E+02   43665          458 1.5E+04 5.7E+03 _
   6332   370      5 1.0E+00    401 (1.3E-06) 3.2E-03  2.9672351E+02   43820          458 1.5E+04 5.7E+03 _
   6335   371      3 1.0E+00    402 (7.4E-07) 1.9E-03  2.9668857E+02   42442          459 4.7E+04 5.7E+03 _
   6344   372      9 1.0E+00    403 (3.0E-07) 2.3E-03  2.9665860E+02   44691    63    458 6.2E+04 5.7E+03 _
   6347   373      3 1.0E+00    404 (2.5E-07) 3.5E-03  2.9662622E+02   45065          460 7.1E+05 5.7E+03 _
   6351   374      4 1.0E+00    405 (3.5E-07) 2.8E-03  2.9659094E+02   44602          459 9.1E+05 5.7E+03 _
   6356   375      5 1.0E+00    406 (4.4E-07) 1.0E-03  2.9655719E+02   43078          461 6.3E+06 5.7E+03 _  R
   6360   376      4 1.0E+00    407 (3.7E-08) 1.1E-03  2.9653906E+02   43942          460 3.3E+05 5.7E+03 _s
   6362   377      2 1.0E+00    408 (7.4E-07) 2.1E-03  2.9652670E+02   43707          460 3.5E+05 5.7E+03 _
   6364   378      2 1.0E+00    409 (6.1E-08) 1.8E-03  2.9650329E+02   44169          460 3.8E+05 5.7E+03 _
   6369   379      5 1.0E+00    410 (2.2E-07) 8.4E-04  2.9649811E+02   45233          461 4.2E+06 5.7E+03 _

   Itns Major Minors    Step   nCon Feasible  Optimal  MeritFunction     L+U BSwap     nS condZHZ Penalty
   6372   380      3 1.0E+00    411 (5.5E-08) 2.6E-03  2.9647520E+02   45204          460 5.1E+06 5.7E+03 _
   6378   381      6 1.0E+00    412 (6.4E-07) 8.6E-04  2.9646294E+02   45288    61    459 3.0E+04 5.7E+03 _
   6381   382      3 1.0E+00    413 (6.3E-07) 1.4E-03  2.9643063E+02   46630          458 2.3E+04 5.7E+03 _
   6384   383      3 1.0E+00    414 (1.2E-06) 2.9E-03  2.9641949E+02   45550          459 1.3E+05 5.7E+03 _
   6397   384     13 1.0E+00    415 (3.7E-07) 2.0E-03  2.9638939E+02   45192          459 1.1E+05 5.7E+03 _
   6413   385     16 1.0E+00    416 (9.8E-07) 2.2E-03  2.9637857E+02   45399          462 8.2E+05 5.7E+03 _
   6428   386     15 1.0E+00    417 (4.8E-07) 1.3E-03  2.9634743E+02   45564          462 7.7E+05 5.7E+03 _  R
   6433   387      5 4.9E-01    419 (2.6E-07) 1.7E-04  2.9633478E+02   45000          462 7.7E+05 5.7E+03 _s
   6453   388     20 1.0E+00    420 (2.1E-08) 1.5E-03  2.9632799E+02   45203          465 1.4E+06 5.7E+03 _
   6464   389     11 1.0E+00    421 (2.2E-07) 2.0E-03  2.9631279E+02   45554          464 1.4E+06 5.7E+03 _
   6490   390     26 1.0E+00    422 (6.3E-07) 7.7E-04  2.9629360E+02   43958    59    462 7.0E+04 5.7E+03 _
   6493   391      3 1.0E+00    423 (5.8E-07) 1.3E-03  2.9627821E+02   43087          464 5.1E+06 5.7E+03 _
   6496   392      3 1.0E+00    424 (1.9E-07) 1.7E-03  2.9626850E+02   46022          464 5.8E+06 5.7E+03 _
   6531   393     35 1.0E+00    425 (2.5E-08) 7.7E-04  2.9626154E+02   45206          462 1.1E+06 5.7E+03 _
   6562   394     31 1.0E+00    426 (4.6E-08) 2.7E-03  2.9625202E+02   45950          462 1.4E+06 5.7E+03 _
   6568   395      6 1.0E+00    427 (1.5E-07) 3.1E-03  2.9623590E+02   45202          463 1.0E+07 5.7E+03 _
   6577   396      9 1.0E+00    428 (4.7E-07) 1.9E-03  2.9621287E+02   45048          464 1.2E+07 5.7E+03 _
   6582   397      5 1.0E+00    429 (1.1E-06) 1.2E-03  2.9618144E+02   42755          465 3.0E+06 5.7E+03 _  R
   6615   398     33 1.0E+00    430 (3.8E-08) 3.5E-03  2.9616158E+02   46623          459 4.0E+04 5.7E+03 _s
   6617   399      2 3.4E-01    432 (3.3E-07) 2.5E-03  2.9613169E+02   43543    66    460 5.0E+06 5.7E+03 _

   Itns Major Minors    Step   nCon Feasible  Optimal  MeritFunction     L+U BSwap     nS condZHZ Penalty
   6626   400      9 1.0E+00    433 (1.5E-06) 4.7E-03  2.9611040E+02   43125          461 1.2E+05 5.7E+03 _
   6635   401      9 4.3E-01    435 (9.4E-07) 3.7E-03  2.9609008E+02   43318          461 1.4E+05 5.7E+03 _
   6644   402      9 1.0E+00    436 (7.5E-07) 3.9E-03  2.9607839E+02   43678          459 1.3E+06 5.7E+03 _
   6658   403     14 1.0E+00    437 (6.5E-07) 2.1E-03  2.9604771E+02   46608          461 5.7E+06 5.7E+03 _
   6671   404     13 5.0E-01    439 (6.2E-07) 4.8E-03  2.9600921E+02   46512          458 1.2E+05 5.7E+03 _
   6672   405      1 1.0E+00    440 (4.1E-06) 2.2E-03  2.9596728E+02   44437          458 1.8E+05 5.7E+03 _
   6678   406      6 1.0E+00    441  7.9E-06  2.7E-02  2.9592165E+02   44393          458 2.7E+04 5.7E+03 _
   6686   407      8 1.0E+00    442 (4.7E-06) 3.6E-02  2.9580439E+02   45465          459 2.7E+04 5.7E+03 _
   6691   408      5 4.7E-01    444 (2.5E-06) 1.5E-03  2.9568940E+02   44996    50    461 1.8E+04 5.7E+03 _  R
   6694   409      3 3.4E-01    446 (1.8E-06) 1.8E-03  2.9562671E+02   44510          461 1.8E+04 5.7E+03 _s
   6696   410      2 1.0E+00    447 (1.5E-07) 1.7E-03  2.9559928E+02   45017          460 1.9E+04 5.7E+03 _
   6702   411      6 1.0E+00    448 (3.6E-07) 6.0E-03  2.9557234E+02   45611          459 2.0E+04 5.7E+03 _
   6704   412      2 1.0E+00    449 (1.8E-06) 3.7E-03  2.9553168E+02   44308          459 2.0E+04 5.7E+03 _
   6711   413      7 1.0E+00    450 (2.5E-06) 2.1E-03  2.9549670E+02   44928          459 2.0E+04 5.7E+03 _
   6712   414      1 1.0E+00    451 (1.2E-06) 4.7E-03  2.9547465E+02   44938          459 2.0E+04 5.7E+03 _
   6715   415      3 1.0E+00    452 (1.6E-07) 2.1E-03  2.9546356E+02   45062          461 1.3E+06 5.7E+03 _
   6717   416      2 1.0E+00    453 (3.1E-08) 1.7E-03  2.9545699E+02   44201          461 1.3E+06 5.7E+03 _
   6720   417      3 1.0E+00    454 (3.0E-08) 2.2E-03  2.9545192E+02   44166    56    462 5.7E+05 5.7E+03 _
   6730   418     10 1.0E+00    455 (7.5E-08) 1.4E-03  2.9544729E+02   45296          462 6.5E+04 5.7E+03 _
   6733   419      3 1.0E+00    456 (1.8E-07) 5.0E-04  2.9544215E+02   44791          461 6.4E+04 5.7E+03 _  R

   Itns Major Minors    Step   nCon Feasible  Optimal  MeritFunction     L+U BSwap     nS condZHZ Penalty
   6749   420     16 1.0E+00    457 (7.6E-09) 5.7E-04  2.9543892E+02   43438          461 9.6E+04 5.7E+03 _s
   6754   421      5 1.0E+00    458 (8.0E-08) 5.3E-04  2.9543546E+02   45104          460 9.6E+04 5.7E+03 _
